0 verbose cli C:\Program Files\nodejs\node.exe C:\Program Files\nodejs\node_modules\npm\bin\npm-cli.js
1 info using npm@9.3.1
2 info using node@v18.14.0
3 timing npm:load:whichnode Completed in 2ms
4 timing config:load:defaults Completed in 2ms
5 timing config:load:file:C:\Program Files\nodejs\node_modules\npm\npmrc Completed in 1ms
6 timing config:load:builtin Completed in 1ms
7 timing config:load:cli Completed in 2ms
8 timing config:load:env Completed in 0ms
9 timing config:load:file:C:\xampp_php8\htdocs\apps-nextjs\coursesdev-app\.npmrc Completed in 0ms
10 timing config:load:project Completed in 2ms
11 timing config:load:file:C:\Users\Jorge Flores\.npmrc Completed in 0ms
12 timing config:load:user Completed in 0ms
13 timing config:load:file:C:\Users\Jorge Flores\AppData\Roaming\npm\etc\npmrc Completed in 1ms
14 timing config:load:global Completed in 1ms
15 timing config:load:setEnvs Completed in 0ms
16 timing config:load Completed in 10ms
17 timing npm:load:configload Completed in 11ms
18 timing npm:load:mkdirpcache Completed in 0ms
19 timing npm:load:mkdirplogs Completed in 0ms
20 verbose title npm install
21 verbose argv "install"
22 timing npm:load:setTitle Completed in 2ms
23 timing config:load:flatten Completed in 3ms
24 timing npm:load:display Completed in 4ms
25 verbose logfile logs-max:10 dir:C:\xampp_php8\htdocs\apps-nextjs\coursesdev-app\tmpnodejsnpm-cache\_logs\2023-02-06T22_52_34_176Z-
26 verbose logfile C:\xampp_php8\htdocs\apps-nextjs\coursesdev-app\tmpnodejsnpm-cache\_logs\2023-02-06T22_52_34_176Z-debug-0.log
27 timing npm:load:logFile Completed in 7ms
28 timing npm:load:timers Completed in 1ms
29 timing npm:load:configScope Completed in 0ms
30 timing npm:load Completed in 27ms
31 timing arborist:ctor Completed in 0ms
32 silly logfile start cleaning logs, removing 2 files
33 silly logfile done cleaning log files
34 timing idealTree:init Completed in 115ms
35 timing idealTree:userRequests Completed in 0ms
36 silly idealTree buildDeps
37 silly fetch manifest next-seo@^5.15.0
38 timing arborist:ctor Completed in 0ms
39 http fetch GET 200 https://registry.npmjs.org/next-seo 1155ms (cache miss)
40 silly fetch manifest next@13.1.6
41 http fetch GET 200 https://registry.npmjs.org/next 1908ms (cache miss)
42 silly fetch manifest fibers@>= 3.1.0
43 http fetch GET 200 https://registry.npmjs.org/fibers 98ms (cache miss)
44 silly fetch manifest node-sass@^6.0.0 || ^7.0.0
45 http fetch GET 200 https://registry.npmjs.org/node-sass 106ms (cache miss)
46 silly fetch manifest react@18.2.0
47 http fetch GET 200 https://registry.npmjs.org/react 326ms (cache miss)
48 silly fetch manifest react-dom@18.2.0
49 http fetch GET 200 https://registry.npmjs.org/react-dom 1339ms (cache miss)
50 silly fetch manifest sass@^1.3.0
51 http fetch GET 200 https://registry.npmjs.org/sass 100ms (cache miss)
52 silly placeDep ROOT next-seo@5.15.0 OK for: coursesdev-app@0.1.0 want: ^5.15.0
53 timing idealTree:#root Completed in 5161ms
54 timing idealTree:node_modules/next-seo Completed in 0ms
55 timing idealTree:buildDeps Completed in 5162ms
56 timing idealTree:fixDepFlags Completed in 1ms
57 timing idealTree Completed in 5283ms
58 timing reify:loadTrees Completed in 5285ms
59 timing reify:diffTrees Completed in 8ms
60 silly reify moves {}
61 timing reify:retireShallow Completed in 1ms
62 timing reify:createSparse Completed in 6ms
63 timing reify:loadBundles Completed in 0ms
64 silly audit bulk request {
64 silly audit   '@next/env': [ '13.1.6' ],
64 silly audit   '@next/font': [ '13.1.6' ],
64 silly audit   '@next/swc-android-arm-eabi': [ '13.1.6' ],
64 silly audit   '@next/swc-android-arm64': [ '13.1.6' ],
64 silly audit   '@next/swc-darwin-arm64': [ '13.1.6' ],
64 silly audit   '@next/swc-darwin-x64': [ '13.1.6' ],
64 silly audit   '@next/swc-freebsd-x64': [ '13.1.6' ],
64 silly audit   '@next/swc-linux-arm-gnueabihf': [ '13.1.6' ],
64 silly audit   '@next/swc-linux-arm64-gnu': [ '13.1.6' ],
64 silly audit   '@next/swc-linux-arm64-musl': [ '13.1.6' ],
64 silly audit   '@next/swc-linux-x64-gnu': [ '13.1.6' ],
64 silly audit   '@next/swc-linux-x64-musl': [ '13.1.6' ],
64 silly audit   '@next/swc-win32-arm64-msvc': [ '13.1.6' ],
64 silly audit   '@next/swc-win32-ia32-msvc': [ '13.1.6' ],
64 silly audit   '@next/swc-win32-x64-msvc': [ '13.1.6' ],
64 silly audit   '@nodelib/fs.scandir': [ '2.1.5' ],
64 silly audit   '@nodelib/fs.stat': [ '2.0.5' ],
64 silly audit   '@nodelib/fs.walk': [ '1.2.8' ],
64 silly audit   '@swc/helpers': [ '0.4.14' ],
64 silly audit   '@types/node': [ '18.11.19' ],
64 silly audit   '@types/prop-types': [ '15.7.5' ],
64 silly audit   '@types/react': [ '18.0.27' ],
64 silly audit   '@types/react-dom': [ '18.0.10' ],
64 silly audit   '@types/scheduler': [ '0.16.2' ],
64 silly audit   'acorn-node': [ '1.8.2' ],
64 silly audit   acorn: [ '7.4.1' ],
64 silly audit   'acorn-walk': [ '7.2.0' ],
64 silly audit   anymatch: [ '3.1.3' ],
64 silly audit   arg: [ '5.0.2' ],
64 silly audit   asynckit: [ '0.4.0' ],
64 silly audit   autoprefixer: [ '10.4.13' ],
64 silly audit   axios: [ '1.3.2' ],
64 silly audit   'bignumber.js': [ '9.0.0' ],
64 silly audit   'binary-extensions': [ '2.2.0' ],
64 silly audit   braces: [ '3.0.2' ],
64 silly audit   browserslist: [ '4.21.5' ],
64 silly audit   'buffer-equal-constant-time': [ '1.0.1' ],
64 silly audit   'camelcase-css': [ '2.0.1' ],
64 silly audit   'caniuse-lite': [ '1.0.30001450' ],
64 silly audit   chokidar: [ '3.5.3' ],
64 silly audit   'glob-parent': [ '5.1.2', '6.0.2' ],
64 silly audit   'client-only': [ '0.0.1' ],
64 silly audit   'color-name': [ '1.1.4' ],
64 silly audit   'combined-stream': [ '1.0.8' ],
64 silly audit   cookie: [ '0.5.0' ],
64 silly audit   'core-util-is': [ '1.0.3' ],
64 silly audit   cssesc: [ '3.0.0' ],
64 silly audit   csstype: [ '3.1.1' ],
64 silly audit   defined: [ '1.0.1' ],
64 silly audit   'delayed-stream': [ '1.0.0' ],
64 silly audit   denque: [ '2.1.0' ],
64 silly audit   detective: [ '5.2.1' ],
64 silly audit   didyoumean: [ '1.2.2' ],
64 silly audit   dlv: [ '1.1.3' ],
64 silly audit   'ecdsa-sig-formatter': [ '1.0.11' ],
64 silly audit   'electron-to-chromium': [ '1.4.286' ],
64 silly audit   escalade: [ '3.1.1' ],
64 silly audit   'fast-glob': [ '3.2.12' ],
64 silly audit   fastq: [ '1.15.0' ],
64 silly audit   'fill-range': [ '7.0.1' ],
64 silly audit   'follow-redirects': [ '1.15.2' ],
64 silly audit   'form-data': [ '4.0.0' ],
64 silly audit   'fraction.js': [ '4.2.0' ],
64 silly audit   fsevents: [ '2.3.2' ],
64 silly audit   'function-bind': [ '1.1.1' ],
64 silly audit   'generate-function': [ '2.3.1' ],
64 silly audit   has: [ '1.0.3' ],
64 silly audit   'iconv-lite': [ '0.6.3' ],
64 silly audit   inherits: [ '2.0.4' ],
64 silly audit   'is-binary-path': [ '2.1.0' ],
64 silly audit   'is-core-module': [ '2.11.0' ],
64 silly audit   'is-extglob': [ '2.1.1' ],
64 silly audit   'is-glob': [ '4.0.3' ],
64 silly audit   'is-number': [ '7.0.0' ],
64 silly audit   'is-property': [ '1.0.2' ],
64 silly audit   'js-tokens': [ '4.0.0' ],
64 silly audit   jsonwebtoken: [ '9.0.0' ],
64 silly audit   jwa: [ '1.4.1' ],
64 silly audit   jws: [ '3.2.2' ],
64 silly audit   lilconfig: [ '2.0.6' ],
64 silly audit   lodash: [ '4.17.21' ],
64 silly audit   long: [ '5.2.1' ],
64 silly audit   'loose-envify': [ '1.4.0' ],
64 silly audit   'lru-cache': [ '6.0.0', '7.14.1' ],
64 silly audit   merge2: [ '1.4.1' ],
64 silly audit   micromatch: [ '4.0.5' ],
64 silly audit   'mime-db': [ '1.52.0' ],
64 silly audit   'mime-types': [ '2.1.35' ],
64 silly audit   minimist: [ '1.2.7' ],
64 silly audit   moment: [ '2.29.4' ],
64 silly audit   ms: [ '2.1.2' ],
64 silly audit   mysql: [ '2.18.1' ],
64 silly audit   'safe-buffer': [ '5.1.2', '5.2.1' ],
64 silly audit   mysql2: [ '3.1.0' ],
64 silly audit   sqlstring: [ '2.3.3', '2.3.1' ],
64 silly audit   'named-placeholders': [ '1.1.3' ],
64 silly audit   nanoid: [ '3.3.4' ],
64 silly audit   next: [ '13.1.6' ],
64 silly audit   postcss: [ '8.4.14', '8.4.21' ],
64 silly audit   'node-releases': [ '2.0.10' ],
64 silly audit   'normalize-path': [ '3.0.0' ],
64 silly audit   'normalize-range': [ '0.1.2' ],
64 silly audit   'object-hash': [ '3.0.0' ],
64 silly audit   'path-parse': [ '1.0.7' ],
64 silly audit   picocolors: [ '1.0.0' ],
64 silly audit   picomatch: [ '2.3.1' ],
64 silly audit   pify: [ '2.3.0' ],
64 silly audit   'postcss-import': [ '14.1.0' ],
64 silly audit   'postcss-js': [ '4.0.0' ],
64 silly audit   'postcss-load-config': [ '3.1.4' ],
64 silly audit   'postcss-nested': [ '6.0.0' ],
64 silly audit   'postcss-selector-parser': [ '6.0.11' ],
64 silly audit   'postcss-value-parser': [ '4.2.0' ],
64 silly audit   'process-nextick-args': [ '2.0.1' ],
64 silly audit   'proxy-from-env': [ '1.1.0' ],
64 silly audit   'queue-microtask': [ '1.2.3' ],
64 silly audit   'quick-lru': [ '5.1.1' ],
64 silly audit   react: [ '18.2.0' ],
64 silly audit   'react-dom': [ '18.2.0' ],
64 silly audit   'read-cache': [ '1.0.0' ],
64 silly audit   'readable-stream': [ '2.3.7' ],
64 silly audit   isarray: [ '1.0.0' ],
64 silly audit   readdirp: [ '3.6.0' ],
64 silly audit   resolve: [ '1.22.1' ],
64 silly audit   reusify: [ '1.0.4' ],
64 silly audit   'run-parallel': [ '1.2.0' ],
64 silly audit   'safer-buffer': [ '2.1.2' ],
64 silly audit   scheduler: [ '0.23.0' ],
64 silly audit   semver: [ '7.3.8' ],
64 silly audit   'seq-queue': [ '0.0.5' ],
64 silly audit   'source-map-js': [ '1.0.2' ],
64 silly audit   string_decoder: [ '1.1.1' ],
64 silly audit   'styled-jsx': [ '5.1.1' ],
64 silly audit   'supports-preserve-symlinks-flag': [ '1.0.0' ],
64 silly audit   tailwindcss: [ '3.2.4' ],
64 silly audit   'to-regex-range': [ '5.0.1' ],
64 silly audit   tslib: [ '2.5.0' ],
64 silly audit   typescript: [ '4.9.5' ],
64 silly audit   'update-browserslist-db': [ '1.0.10' ],
64 silly audit   'util-deprecate': [ '1.0.2' ],
64 silly audit   xtend: [ '4.0.2' ],
64 silly audit   yallist: [ '4.0.0' ],
64 silly audit   yaml: [ '1.10.2' ],
64 silly audit   'next-seo': [ '5.15.0' ]
64 silly audit }
65 verbose reify failed optional dependency C:\xampp_php8\htdocs\apps-nextjs\coursesdev-app\node_modules\fsevents
66 silly reify mark deleted [
66 silly reify   'C:\\xampp_php8\\htdocs\\apps-nextjs\\coursesdev-app\\node_modules\\fsevents'
66 silly reify ]
67 verbose reify failed optional dependency C:\xampp_php8\htdocs\apps-nextjs\coursesdev-app\node_modules\@next\swc-win32-ia32-msvc
68 silly reify mark deleted [
68 silly reify   'C:\\xampp_php8\\htdocs\\apps-nextjs\\coursesdev-app\\node_modules\\@next\\swc-win32-ia32-msvc'
68 silly reify ]
69 verbose reify failed optional dependency C:\xampp_php8\htdocs\apps-nextjs\coursesdev-app\node_modules\@next\swc-win32-arm64-msvc
70 silly reify mark deleted [
70 silly reify   'C:\\xampp_php8\\htdocs\\apps-nextjs\\coursesdev-app\\node_modules\\@next\\swc-win32-arm64-msvc'
70 silly reify ]
71 verbose reify failed optional dependency C:\xampp_php8\htdocs\apps-nextjs\coursesdev-app\node_modules\@next\swc-linux-x64-musl
72 silly reify mark deleted [
72 silly reify   'C:\\xampp_php8\\htdocs\\apps-nextjs\\coursesdev-app\\node_modules\\@next\\swc-linux-x64-musl'
72 silly reify ]
73 verbose reify failed optional dependency C:\xampp_php8\htdocs\apps-nextjs\coursesdev-app\node_modules\@next\swc-linux-x64-gnu
74 silly reify mark deleted [
74 silly reify   'C:\\xampp_php8\\htdocs\\apps-nextjs\\coursesdev-app\\node_modules\\@next\\swc-linux-x64-gnu'
74 silly reify ]
75 verbose reify failed optional dependency C:\xampp_php8\htdocs\apps-nextjs\coursesdev-app\node_modules\@next\swc-linux-arm64-musl
76 silly reify mark deleted [
76 silly reify   'C:\\xampp_php8\\htdocs\\apps-nextjs\\coursesdev-app\\node_modules\\@next\\swc-linux-arm64-musl'
76 silly reify ]
77 verbose reify failed optional dependency C:\xampp_php8\htdocs\apps-nextjs\coursesdev-app\node_modules\@next\swc-linux-arm64-gnu
78 silly reify mark deleted [
78 silly reify   'C:\\xampp_php8\\htdocs\\apps-nextjs\\coursesdev-app\\node_modules\\@next\\swc-linux-arm64-gnu'
78 silly reify ]
79 verbose reify failed optional dependency C:\xampp_php8\htdocs\apps-nextjs\coursesdev-app\node_modules\@next\swc-linux-arm-gnueabihf
80 silly reify mark deleted [
80 silly reify   'C:\\xampp_php8\\htdocs\\apps-nextjs\\coursesdev-app\\node_modules\\@next\\swc-linux-arm-gnueabihf'
80 silly reify ]
81 verbose reify failed optional dependency C:\xampp_php8\htdocs\apps-nextjs\coursesdev-app\node_modules\@next\swc-freebsd-x64
82 silly reify mark deleted [
82 silly reify   'C:\\xampp_php8\\htdocs\\apps-nextjs\\coursesdev-app\\node_modules\\@next\\swc-freebsd-x64'
82 silly reify ]
83 verbose reify failed optional dependency C:\xampp_php8\htdocs\apps-nextjs\coursesdev-app\node_modules\@next\swc-darwin-x64
84 silly reify mark deleted [
84 silly reify   'C:\\xampp_php8\\htdocs\\apps-nextjs\\coursesdev-app\\node_modules\\@next\\swc-darwin-x64'
84 silly reify ]
85 verbose reify failed optional dependency C:\xampp_php8\htdocs\apps-nextjs\coursesdev-app\node_modules\@next\swc-darwin-arm64
86 silly reify mark deleted [
86 silly reify   'C:\\xampp_php8\\htdocs\\apps-nextjs\\coursesdev-app\\node_modules\\@next\\swc-darwin-arm64'
86 silly reify ]
87 verbose reify failed optional dependency C:\xampp_php8\htdocs\apps-nextjs\coursesdev-app\node_modules\@next\swc-android-arm64
88 silly reify mark deleted [
88 silly reify   'C:\\xampp_php8\\htdocs\\apps-nextjs\\coursesdev-app\\node_modules\\@next\\swc-android-arm64'
88 silly reify ]
89 verbose reify failed optional dependency C:\xampp_php8\htdocs\apps-nextjs\coursesdev-app\node_modules\@next\swc-android-arm-eabi
90 silly reify mark deleted [
90 silly reify   'C:\\xampp_php8\\htdocs\\apps-nextjs\\coursesdev-app\\node_modules\\@next\\swc-android-arm-eabi'
90 silly reify ]
91 timing reifyNode:node_modules/fsevents Completed in 6ms
92 timing reifyNode:node_modules/@next/swc-win32-ia32-msvc Completed in 6ms
93 timing reifyNode:node_modules/@next/swc-win32-arm64-msvc Completed in 6ms
94 timing reifyNode:node_modules/@next/swc-linux-x64-musl Completed in 6ms
95 timing reifyNode:node_modules/@next/swc-linux-x64-gnu Completed in 6ms
96 timing reifyNode:node_modules/@next/swc-linux-arm64-musl Completed in 6ms
97 timing reifyNode:node_modules/@next/swc-linux-arm64-gnu Completed in 6ms
98 timing reifyNode:node_modules/@next/swc-linux-arm-gnueabihf Completed in 5ms
99 timing reifyNode:node_modules/@next/swc-freebsd-x64 Completed in 5ms
100 timing reifyNode:node_modules/@next/swc-darwin-x64 Completed in 5ms
101 timing reifyNode:node_modules/@next/swc-darwin-arm64 Completed in 5ms
102 timing reifyNode:node_modules/@next/swc-android-arm64 Completed in 5ms
103 timing reifyNode:node_modules/@next/swc-android-arm-eabi Completed in 6ms
104 silly tarball no local data for next-seo@https://registry.npmjs.org/next-seo/-/next-seo-5.15.0.tgz. Extracting by manifest.
105 http fetch GET 200 https://registry.npmjs.org/next-seo/-/next-seo-5.15.0.tgz 200ms (cache miss)
106 timing reifyNode:node_modules/next-seo Completed in 211ms
107 timing reify:unpack Completed in 212ms
108 timing reify:unretire Completed in 0ms
109 timing build:queue Completed in 1ms
110 timing build:deps Completed in 2ms
111 timing build Completed in 2ms
112 timing reify:build Completed in 3ms
113 timing reify:trash Completed in 1ms
114 http fetch POST 200 https://registry.npmjs.org/-/npm/v1/security/advisories/bulk 254ms
115 timing auditReport:getReport Completed in 260ms
116 silly audit report {}
117 timing auditReport:init Completed in 0ms
118 timing reify:audit Completed in 261ms
119 timing reify:save Completed in 35ms
120 timing reify Completed in 5579ms
121 silly ADD node_modules/next-seo
122 silly ADD
123 silly ADD
124 silly ADD
125 silly ADD
126 silly ADD
127 silly ADD
128 silly ADD
129 silly ADD
130 silly ADD
131 silly ADD
132 silly ADD
133 silly ADD
134 silly ADD
135 timing command:install Completed in 5591ms
136 verbose exit 0
137 timing npm Completed in 5640ms
138 info ok
