0 verbose cli C:\Program Files\nodejs\node.exe C:\Program Files\nodejs\node_modules\npm\bin\npm-cli.js
1 info using npm@9.3.1
2 info using node@v18.14.0
3 timing npm:load:whichnode Completed in 2ms
4 timing config:load:defaults Completed in 2ms
5 timing config:load:file:C:\Program Files\nodejs\node_modules\npm\npmrc Completed in 5ms
6 timing config:load:builtin Completed in 5ms
7 timing config:load:cli Completed in 1ms
8 timing config:load:env Completed in 1ms
9 timing config:load:file:C:\xampp_php8\htdocs\apps-nextjs\coursesdev-app\.npmrc Completed in 1ms
10 timing config:load:project Completed in 2ms
11 timing config:load:file:C:\Users\Jorge Flores\.npmrc Completed in 0ms
12 timing config:load:user Completed in 0ms
13 timing config:load:file:C:\Users\Jorge Flores\AppData\Roaming\npm\etc\npmrc Completed in 1ms
14 timing config:load:global Completed in 1ms
15 timing config:load:setEnvs Completed in 1ms
16 timing config:load Completed in 13ms
17 timing npm:load:configload Completed in 14ms
18 timing npm:load:mkdirpcache Completed in 1ms
19 timing npm:load:mkdirplogs Completed in 0ms
20 verbose title npm exec tailwindcss init -p
21 verbose argv "exec" "--" "tailwindcss" "init" "-p"
22 timing npm:load:setTitle Completed in 2ms
23 timing config:load:flatten Completed in 3ms
24 timing npm:load:display Completed in 4ms
25 verbose logfile logs-max:10 dir:C:\xampp_php8\htdocs\apps-nextjs\coursesdev-app\tmpnodejsnpm-cache\_logs\2023-02-06T22_56_55_468Z-
26 verbose logfile C:\xampp_php8\htdocs\apps-nextjs\coursesdev-app\tmpnodejsnpm-cache\_logs\2023-02-06T22_56_55_468Z-debug-0.log
27 timing npm:load:logFile Completed in 8ms
28 timing npm:load:timers Completed in 0ms
29 timing npm:load:configScope Completed in 0ms
30 timing npm:load Completed in 31ms
31 silly logfile start cleaning logs, removing 2 files
32 silly logfile done cleaning log files
33 timing command:exec Completed in 486ms
34 verbose exit 0
35 timing npm Completed in 543ms
36 info ok
