0 verbose cli C:\Program Files\nodejs\node.exe C:\Program Files\nodejs\node_modules\npm\bin\npm-cli.js
1 info using npm@9.3.1
2 info using node@v18.14.0
3 timing npm:load:whichnode Completed in 1ms
4 timing config:load:defaults Completed in 1ms
5 timing config:load:file:C:\Program Files\nodejs\node_modules\npm\npmrc Completed in 2ms
6 timing config:load:builtin Completed in 2ms
7 timing config:load:cli Completed in 1ms
8 timing config:load:env Completed in 1ms
9 timing config:load:file:C:\xampp_php8\htdocs\apps-nextjs\coursesdev-app\.npmrc Completed in 0ms
10 timing config:load:project Completed in 2ms
11 timing config:load:file:C:\Users\Jorge Flores\.npmrc Completed in 0ms
12 timing config:load:user Completed in 0ms
13 timing config:load:file:C:\Users\Jorge Flores\AppData\Roaming\npm\etc\npmrc Completed in 1ms
14 timing config:load:global Completed in 1ms
15 timing config:load:setEnvs Completed in 0ms
16 timing config:load Completed in 9ms
17 timing npm:load:configload Completed in 10ms
18 timing npm:load:mkdirpcache Completed in 1ms
19 timing npm:load:mkdirplogs Completed in 0ms
20 verbose title npm install tailwindcss postcss autoprefixer
21 verbose argv "install" "--save-dev" "tailwindcss" "postcss" "autoprefixer"
22 timing npm:load:setTitle Completed in 2ms
23 timing config:load:flatten Completed in 3ms
24 timing npm:load:display Completed in 4ms
25 verbose logfile logs-max:10 dir:C:\xampp_php8\htdocs\apps-nextjs\coursesdev-app\tmpnodejsnpm-cache\_logs\2023-02-06T22_56_50_976Z-
26 verbose logfile C:\xampp_php8\htdocs\apps-nextjs\coursesdev-app\tmpnodejsnpm-cache\_logs\2023-02-06T22_56_50_976Z-debug-0.log
27 timing npm:load:logFile Completed in 9ms
28 timing npm:load:timers Completed in 0ms
29 timing npm:load:configScope Completed in 0ms
30 timing npm:load Completed in 28ms
31 timing arborist:ctor Completed in 0ms
32 silly logfile start cleaning logs, removing 2 files
33 silly logfile done cleaning log files
34 timing idealTree:init Completed in 108ms
35 timing idealTree:userRequests Completed in 2ms
36 silly idealTree buildDeps
37 silly fetch manifest autoprefixer@^10.4.13
38 timing arborist:ctor Completed in 0ms
39 http fetch GET 200 https://registry.npmjs.org/autoprefixer 205ms (cache revalidated)
40 silly fetch manifest postcss@^8.4.19
41 http fetch GET 200 https://registry.npmjs.org/postcss 41ms (cache revalidated)
42 silly fetch manifest tailwindcss@^3.2.4
43 http fetch GET 200 https://registry.npmjs.org/tailwindcss 50ms (cache revalidated)
44 silly placeDep ROOT autoprefixer@10.4.13 REPLACE for: coursesdev-app@0.1.0 want: ^10.4.13
45 silly placeDep ROOT postcss@8.4.21 REPLACE for: coursesdev-app@0.1.0 want: ^8.4.19
46 silly placeDep ROOT tailwindcss@3.2.4 REPLACE for: coursesdev-app@0.1.0 want: ^3.2.4
47 timing idealTree:#root Completed in 330ms
48 timing idealTree:node_modules/autoprefixer Completed in 0ms
49 timing idealTree:node_modules/postcss Completed in 0ms
50 timing idealTree:node_modules/tailwindcss Completed in 0ms
51 timing idealTree:buildDeps Completed in 330ms
52 timing idealTree:fixDepFlags Completed in 1ms
53 timing idealTree Completed in 447ms
54 timing reify:loadTrees Completed in 449ms
55 timing reify:diffTrees Completed in 8ms
56 silly reify moves {}
57 timing reify:retireShallow Completed in 1ms
58 timing reify:createSparse Completed in 3ms
59 timing reify:loadBundles Completed in 0ms
60 silly audit bulk request {
60 silly audit   '@next/env': [ '13.1.6' ],
60 silly audit   '@next/font': [ '13.1.6' ],
60 silly audit   '@next/swc-android-arm-eabi': [ '13.1.6' ],
60 silly audit   '@next/swc-android-arm64': [ '13.1.6' ],
60 silly audit   '@next/swc-darwin-arm64': [ '13.1.6' ],
60 silly audit   '@next/swc-darwin-x64': [ '13.1.6' ],
60 silly audit   '@next/swc-freebsd-x64': [ '13.1.6' ],
60 silly audit   '@next/swc-linux-arm-gnueabihf': [ '13.1.6' ],
60 silly audit   '@next/swc-linux-arm64-gnu': [ '13.1.6' ],
60 silly audit   '@next/swc-linux-arm64-musl': [ '13.1.6' ],
60 silly audit   '@next/swc-linux-x64-gnu': [ '13.1.6' ],
60 silly audit   '@next/swc-linux-x64-musl': [ '13.1.6' ],
60 silly audit   '@next/swc-win32-arm64-msvc': [ '13.1.6' ],
60 silly audit   '@next/swc-win32-ia32-msvc': [ '13.1.6' ],
60 silly audit   '@next/swc-win32-x64-msvc': [ '13.1.6' ],
60 silly audit   '@nodelib/fs.scandir': [ '2.1.5' ],
60 silly audit   '@nodelib/fs.stat': [ '2.0.5' ],
60 silly audit   '@nodelib/fs.walk': [ '1.2.8' ],
60 silly audit   '@swc/helpers': [ '0.4.14' ],
60 silly audit   '@types/node': [ '18.11.19' ],
60 silly audit   '@types/prop-types': [ '15.7.5' ],
60 silly audit   '@types/react': [ '18.0.27' ],
60 silly audit   '@types/react-dom': [ '18.0.10' ],
60 silly audit   '@types/scheduler': [ '0.16.2' ],
60 silly audit   'acorn-node': [ '1.8.2' ],
60 silly audit   acorn: [ '7.4.1' ],
60 silly audit   'acorn-walk': [ '7.2.0' ],
60 silly audit   anymatch: [ '3.1.3' ],
60 silly audit   arg: [ '5.0.2' ],
60 silly audit   asynckit: [ '0.4.0' ],
60 silly audit   axios: [ '1.3.2' ],
60 silly audit   'bignumber.js': [ '9.0.0' ],
60 silly audit   'binary-extensions': [ '2.2.0' ],
60 silly audit   braces: [ '3.0.2' ],
60 silly audit   browserslist: [ '4.21.5' ],
60 silly audit   'buffer-equal-constant-time': [ '1.0.1' ],
60 silly audit   'camelcase-css': [ '2.0.1' ],
60 silly audit   'caniuse-lite': [ '1.0.30001450' ],
60 silly audit   chokidar: [ '3.5.3' ],
60 silly audit   'glob-parent': [ '5.1.2', '6.0.2' ],
60 silly audit   'client-only': [ '0.0.1' ],
60 silly audit   'color-name': [ '1.1.4' ],
60 silly audit   'combined-stream': [ '1.0.8' ],
60 silly audit   cookie: [ '0.5.0' ],
60 silly audit   'core-util-is': [ '1.0.3' ],
60 silly audit   cssesc: [ '3.0.0' ],
60 silly audit   csstype: [ '3.1.1' ],
60 silly audit   defined: [ '1.0.1' ],
60 silly audit   'delayed-stream': [ '1.0.0' ],
60 silly audit   denque: [ '2.1.0' ],
60 silly audit   detective: [ '5.2.1' ],
60 silly audit   didyoumean: [ '1.2.2' ],
60 silly audit   dlv: [ '1.1.3' ],
60 silly audit   'ecdsa-sig-formatter': [ '1.0.11' ],
60 silly audit   'electron-to-chromium': [ '1.4.286' ],
60 silly audit   escalade: [ '3.1.1' ],
60 silly audit   'fast-glob': [ '3.2.12' ],
60 silly audit   fastq: [ '1.15.0' ],
60 silly audit   'fill-range': [ '7.0.1' ],
60 silly audit   'follow-redirects': [ '1.15.2' ],
60 silly audit   'form-data': [ '4.0.0' ],
60 silly audit   'fraction.js': [ '4.2.0' ],
60 silly audit   fsevents: [ '2.3.2' ],
60 silly audit   'function-bind': [ '1.1.1' ],
60 silly audit   'generate-function': [ '2.3.1' ],
60 silly audit   has: [ '1.0.3' ],
60 silly audit   'iconv-lite': [ '0.6.3' ],
60 silly audit   inherits: [ '2.0.4' ],
60 silly audit   'is-binary-path': [ '2.1.0' ],
60 silly audit   'is-core-module': [ '2.11.0' ],
60 silly audit   'is-extglob': [ '2.1.1' ],
60 silly audit   'is-glob': [ '4.0.3' ],
60 silly audit   'is-number': [ '7.0.0' ],
60 silly audit   'is-property': [ '1.0.2' ],
60 silly audit   'js-tokens': [ '4.0.0' ],
60 silly audit   jsonwebtoken: [ '9.0.0' ],
60 silly audit   jwa: [ '1.4.1' ],
60 silly audit   jws: [ '3.2.2' ],
60 silly audit   lilconfig: [ '2.0.6' ],
60 silly audit   lodash: [ '4.17.21' ],
60 silly audit   long: [ '5.2.1' ],
60 silly audit   'loose-envify': [ '1.4.0' ],
60 silly audit   'lru-cache': [ '6.0.0', '7.14.1' ],
60 silly audit   merge2: [ '1.4.1' ],
60 silly audit   micromatch: [ '4.0.5' ],
60 silly audit   'mime-db': [ '1.52.0' ],
60 silly audit   'mime-types': [ '2.1.35' ],
60 silly audit   minimist: [ '1.2.7' ],
60 silly audit   moment: [ '2.29.4' ],
60 silly audit   ms: [ '2.1.2' ],
60 silly audit   mysql: [ '2.18.1' ],
60 silly audit   'safe-buffer': [ '5.1.2', '5.2.1' ],
60 silly audit   mysql2: [ '3.1.0' ],
60 silly audit   sqlstring: [ '2.3.3', '2.3.1' ],
60 silly audit   'named-placeholders': [ '1.1.3' ],
60 silly audit   nanoid: [ '3.3.4' ],
60 silly audit   next: [ '13.1.6' ],
60 silly audit   'next-seo': [ '5.15.0' ],
60 silly audit   postcss: [ '8.4.14', '8.4.21' ],
60 silly audit   'node-releases': [ '2.0.10' ],
60 silly audit   'normalize-path': [ '3.0.0' ],
60 silly audit   'normalize-range': [ '0.1.2' ],
60 silly audit   'object-hash': [ '3.0.0' ],
60 silly audit   'path-parse': [ '1.0.7' ],
60 silly audit   picocolors: [ '1.0.0' ],
60 silly audit   picomatch: [ '2.3.1' ],
60 silly audit   pify: [ '2.3.0' ],
60 silly audit   'postcss-import': [ '14.1.0' ],
60 silly audit   'postcss-js': [ '4.0.0' ],
60 silly audit   'postcss-load-config': [ '3.1.4' ],
60 silly audit   'postcss-nested': [ '6.0.0' ],
60 silly audit   'postcss-selector-parser': [ '6.0.11' ],
60 silly audit   'postcss-value-parser': [ '4.2.0' ],
60 silly audit   'process-nextick-args': [ '2.0.1' ],
60 silly audit   'proxy-from-env': [ '1.1.0' ],
60 silly audit   'queue-microtask': [ '1.2.3' ],
60 silly audit   'quick-lru': [ '5.1.1' ],
60 silly audit   react: [ '18.2.0' ],
60 silly audit   'react-dom': [ '18.2.0' ],
60 silly audit   'read-cache': [ '1.0.0' ],
60 silly audit   'readable-stream': [ '2.3.7' ],
60 silly audit   isarray: [ '1.0.0' ],
60 silly audit   readdirp: [ '3.6.0' ],
60 silly audit   resolve: [ '1.22.1' ],
60 silly audit   reusify: [ '1.0.4' ],
60 silly audit   'run-parallel': [ '1.2.0' ],
60 silly audit   'safer-buffer': [ '2.1.2' ],
60 silly audit   scheduler: [ '0.23.0' ],
60 silly audit   semver: [ '7.3.8' ],
60 silly audit   'seq-queue': [ '0.0.5' ],
60 silly audit   'source-map-js': [ '1.0.2' ],
60 silly audit   string_decoder: [ '1.1.1' ],
60 silly audit   'styled-jsx': [ '5.1.1' ],
60 silly audit   'supports-preserve-symlinks-flag': [ '1.0.0' ],
60 silly audit   'to-regex-range': [ '5.0.1' ],
60 silly audit   tslib: [ '2.5.0' ],
60 silly audit   typescript: [ '4.9.5' ],
60 silly audit   'update-browserslist-db': [ '1.0.10' ],
60 silly audit   'util-deprecate': [ '1.0.2' ],
60 silly audit   xtend: [ '4.0.2' ],
60 silly audit   yallist: [ '4.0.0' ],
60 silly audit   yaml: [ '1.10.2' ],
60 silly audit   autoprefixer: [ '10.4.13' ],
60 silly audit   tailwindcss: [ '3.2.4' ]
60 silly audit }
61 verbose reify failed optional dependency C:\xampp_php8\htdocs\apps-nextjs\coursesdev-app\node_modules\fsevents
62 silly reify mark deleted [
62 silly reify   'C:\\xampp_php8\\htdocs\\apps-nextjs\\coursesdev-app\\node_modules\\fsevents'
62 silly reify ]
63 verbose reify failed optional dependency C:\xampp_php8\htdocs\apps-nextjs\coursesdev-app\node_modules\@next\swc-win32-ia32-msvc
64 silly reify mark deleted [
64 silly reify   'C:\\xampp_php8\\htdocs\\apps-nextjs\\coursesdev-app\\node_modules\\@next\\swc-win32-ia32-msvc'
64 silly reify ]
65 verbose reify failed optional dependency C:\xampp_php8\htdocs\apps-nextjs\coursesdev-app\node_modules\@next\swc-win32-arm64-msvc
66 silly reify mark deleted [
66 silly reify   'C:\\xampp_php8\\htdocs\\apps-nextjs\\coursesdev-app\\node_modules\\@next\\swc-win32-arm64-msvc'
66 silly reify ]
67 verbose reify failed optional dependency C:\xampp_php8\htdocs\apps-nextjs\coursesdev-app\node_modules\@next\swc-linux-x64-musl
68 silly reify mark deleted [
68 silly reify   'C:\\xampp_php8\\htdocs\\apps-nextjs\\coursesdev-app\\node_modules\\@next\\swc-linux-x64-musl'
68 silly reify ]
69 verbose reify failed optional dependency C:\xampp_php8\htdocs\apps-nextjs\coursesdev-app\node_modules\@next\swc-linux-x64-gnu
70 silly reify mark deleted [
70 silly reify   'C:\\xampp_php8\\htdocs\\apps-nextjs\\coursesdev-app\\node_modules\\@next\\swc-linux-x64-gnu'
70 silly reify ]
71 verbose reify failed optional dependency C:\xampp_php8\htdocs\apps-nextjs\coursesdev-app\node_modules\@next\swc-linux-arm64-musl
72 silly reify mark deleted [
72 silly reify   'C:\\xampp_php8\\htdocs\\apps-nextjs\\coursesdev-app\\node_modules\\@next\\swc-linux-arm64-musl'
72 silly reify ]
73 verbose reify failed optional dependency C:\xampp_php8\htdocs\apps-nextjs\coursesdev-app\node_modules\@next\swc-linux-arm64-gnu
74 silly reify mark deleted [
74 silly reify   'C:\\xampp_php8\\htdocs\\apps-nextjs\\coursesdev-app\\node_modules\\@next\\swc-linux-arm64-gnu'
74 silly reify ]
75 verbose reify failed optional dependency C:\xampp_php8\htdocs\apps-nextjs\coursesdev-app\node_modules\@next\swc-linux-arm-gnueabihf
76 silly reify mark deleted [
76 silly reify   'C:\\xampp_php8\\htdocs\\apps-nextjs\\coursesdev-app\\node_modules\\@next\\swc-linux-arm-gnueabihf'
76 silly reify ]
77 verbose reify failed optional dependency C:\xampp_php8\htdocs\apps-nextjs\coursesdev-app\node_modules\@next\swc-freebsd-x64
78 silly reify mark deleted [
78 silly reify   'C:\\xampp_php8\\htdocs\\apps-nextjs\\coursesdev-app\\node_modules\\@next\\swc-freebsd-x64'
78 silly reify ]
79 verbose reify failed optional dependency C:\xampp_php8\htdocs\apps-nextjs\coursesdev-app\node_modules\@next\swc-darwin-x64
80 silly reify mark deleted [
80 silly reify   'C:\\xampp_php8\\htdocs\\apps-nextjs\\coursesdev-app\\node_modules\\@next\\swc-darwin-x64'
80 silly reify ]
81 verbose reify failed optional dependency C:\xampp_php8\htdocs\apps-nextjs\coursesdev-app\node_modules\@next\swc-darwin-arm64
82 silly reify mark deleted [
82 silly reify   'C:\\xampp_php8\\htdocs\\apps-nextjs\\coursesdev-app\\node_modules\\@next\\swc-darwin-arm64'
82 silly reify ]
83 verbose reify failed optional dependency C:\xampp_php8\htdocs\apps-nextjs\coursesdev-app\node_modules\@next\swc-android-arm64
84 silly reify mark deleted [
84 silly reify   'C:\\xampp_php8\\htdocs\\apps-nextjs\\coursesdev-app\\node_modules\\@next\\swc-android-arm64'
84 silly reify ]
85 verbose reify failed optional dependency C:\xampp_php8\htdocs\apps-nextjs\coursesdev-app\node_modules\@next\swc-android-arm-eabi
86 silly reify mark deleted [
86 silly reify   'C:\\xampp_php8\\htdocs\\apps-nextjs\\coursesdev-app\\node_modules\\@next\\swc-android-arm-eabi'
86 silly reify ]
87 timing reifyNode:node_modules/fsevents Completed in 6ms
88 timing reifyNode:node_modules/@next/swc-win32-ia32-msvc Completed in 6ms
89 timing reifyNode:node_modules/@next/swc-win32-arm64-msvc Completed in 6ms
90 timing reifyNode:node_modules/@next/swc-linux-x64-musl Completed in 5ms
91 timing reifyNode:node_modules/@next/swc-linux-x64-gnu Completed in 5ms
92 timing reifyNode:node_modules/@next/swc-linux-arm64-musl Completed in 5ms
93 timing reifyNode:node_modules/@next/swc-linux-arm64-gnu Completed in 5ms
94 timing reifyNode:node_modules/@next/swc-linux-arm-gnueabihf Completed in 5ms
95 timing reifyNode:node_modules/@next/swc-freebsd-x64 Completed in 5ms
96 timing reifyNode:node_modules/@next/swc-darwin-x64 Completed in 5ms
97 timing reifyNode:node_modules/@next/swc-darwin-arm64 Completed in 5ms
98 timing reifyNode:node_modules/@next/swc-android-arm64 Completed in 6ms
99 timing reifyNode:node_modules/@next/swc-android-arm-eabi Completed in 6ms
100 timing reify:unpack Completed in 7ms
101 timing reify:unretire Completed in 0ms
102 timing build:queue Completed in 1ms
103 timing build:deps Completed in 1ms
104 timing build Completed in 2ms
105 timing reify:build Completed in 2ms
106 timing reify:trash Completed in 1ms
107 timing reify:save Completed in 41ms
108 http fetch POST 200 https://registry.npmjs.org/-/npm/v1/security/advisories/bulk 229ms
109 timing auditReport:getReport Completed in 236ms
110 silly audit report {}
111 timing auditReport:init Completed in 0ms
112 timing reify:audit Completed in 238ms
113 timing reify Completed in 704ms
114 silly ADD
115 silly ADD
116 silly ADD
117 silly ADD
118 silly ADD
119 silly ADD
120 silly ADD
121 silly ADD
122 silly ADD
123 silly ADD
124 silly ADD
125 silly ADD
126 silly ADD
127 timing command:install Completed in 712ms
128 verbose exit 0
129 timing npm Completed in 763ms
130 info ok
